Started GET "/" for ::1 at 2021-10-31 17:30:46 -0400
  
ActiveRecord::NoDatabaseError (FATAL:  database "endurance_project_development" does not exist
):
  
activerecord (5.2.6) lib/active_record/connection_adapters/postgresql_adapter.rb:696:in `rescue in connect'
activerecord (5.2.6) lib/active_record/connection_adapters/postgresql_adapter.rb:691:in `connect'
activerecord (5.2.6) lib/active_record/connection_adapters/postgresql_adapter.rb:223:in `initialize'
activerecord (5.2.6) lib/active_record/connection_adapters/postgresql_adapter.rb:48:in `new'
activerecord (5.2.6) lib/active_record/connection_adapters/postgresql_adapter.rb:48:in `postgresql_connection'
activerecord (5.2.6) lib/active_record/connection_adapters/abstract/connection_pool.rb:830:in `new_connection'
activerecord (5.2.6) lib/active_record/connection_adapters/abstract/connection_pool.rb:874:in `checkout_new_connection'
activerecord (5.2.6) lib/active_record/connection_adapters/abstract/connection_pool.rb:853:in `try_to_checkout_new_connection'
activerecord (5.2.6) lib/active_record/connection_adapters/abstract/connection_pool.rb:814:in `acquire_connection'
activerecord (5.2.6) lib/active_record/connection_adapters/abstract/connection_pool.rb:538:in `checkout'
activerecord (5.2.6) lib/active_record/connection_adapters/abstract/connection_pool.rb:382:in `connection'
activerecord (5.2.6) lib/active_record/connection_adapters/abstract/connection_pool.rb:1033:in `retrieve_connection'
activerecord (5.2.6) lib/active_record/connection_handling.rb:118:in `retrieve_connection'
activerecord (5.2.6) lib/active_record/connection_handling.rb:90:in `connection'
activerecord (5.2.6) lib/active_record/migration.rb:554:in `call'
actionpack (5.2.6) lib/action_dispatch/middleware/callbacks.rb:28:in `block in call'
activesupport (5.2.6) lib/active_support/callbacks.rb:98:in `run_callbacks'
actionpack (5.2.6) lib/action_dispatch/middleware/callbacks.rb:26:in `call'
actionpack (5.2.6) lib/action_dispatch/middleware/executor.rb:14:in `call'
actionpack (5.2.6) lib/action_dispatch/middleware/debug_exceptions.rb:61:in `call'
web-console (3.7.0) lib/web_console/middleware.rb:135:in `call_app'
web-console (3.7.0) lib/web_console/middleware.rb:30:in `block in call'
web-console (3.7.0) lib/web_console/middleware.rb:20:in `catch'
web-console (3.7.0) lib/web_console/middleware.rb:20:in `call'
actionpack (5.2.6) lib/action_dispatch/middleware/show_exceptions.rb:33:in `call'
railties (5.2.6) lib/rails/rack/logger.rb:38:in `call_app'
railties (5.2.6) lib/rails/rack/logger.rb:26:in `block in call'
activesupport (5.2.6) lib/active_support/tagged_logging.rb:71:in `block in tagged'
activesupport (5.2.6) lib/active_support/tagged_logging.rb:28:in `tagged'
activesupport (5.2.6) lib/active_support/tagged_logging.rb:71:in `tagged'
railties (5.2.6) lib/rails/rack/logger.rb:26:in `call'
sprockets-rails (3.2.2) lib/sprockets/rails/quiet_assets.rb:13:in `call'
actionpack (5.2.6) lib/action_dispatch/middleware/remote_ip.rb:81:in `call'
actionpack (5.2.6) lib/action_dispatch/middleware/request_id.rb:27:in `call'
rack (2.2.3) lib/rack/method_override.rb:24:in `call'
rack (2.2.3) lib/rack/runtime.rb:22:in `call'
activesupport (5.2.6) lib/active_support/cache/strategy/local_cache_middleware.rb:29:in `call'
actionpack (5.2.6) lib/action_dispatch/middleware/executor.rb:14:in `call'
actionpack (5.2.6) lib/action_dispatch/middleware/static.rb:127:in `call'
rack (2.2.3) lib/rack/sendfile.rb:110:in `call'
railties (5.2.6) lib/rails/engine.rb:524:in `call'
puma (3.12.6) lib/puma/configuration.rb:227:in `call'
puma (3.12.6) lib/puma/server.rb:706:in `handle_request'
puma (3.12.6) lib/puma/server.rb:476:in `process_client'
puma (3.12.6) lib/puma/server.rb:334:in `block in run'
puma (3.12.6) lib/puma/thread_pool.rb:135:in `block in spawn_thread'
  [1m[35m (1609.9ms)[0m  [1m[35mCREATE DATABASE "endurance_project_development" ENCODING = 'unicode'[0m
  ↳ bin/rails:9
  [1m[35m (67.1ms)[0m  [1m[35mCREATE DATABASE "endurance_project_test" ENCODING = 'unicode'[0m
  ↳ bin/rails:9
Started GET "/" for ::1 at 2021-10-31 17:34:00 -0400
Processing by StaticPagesController#root as HTML
  Rendering static_pages/root.html.erb within layouts/application
  Rendered static_pages/root.html.erb within layouts/application (0.8ms)
Completed 500 Internal Server Error in 118ms (ActiveRecord: 0.0ms)


  
ActionView::Template::Error (couldn't find file 'jquery' with type 'text/css'
Checked in these paths: 
  /Users/maddai/Desktop/endurance/endurance_project/app/assets/config
  /Users/maddai/Desktop/endurance/endurance_project/app/assets/images
  /Users/maddai/Desktop/endurance/endurance_project/app/assets/javascripts
  /Users/maddai/Desktop/endurance/endurance_project/app/assets/stylesheets
  /Users/maddai/.rbenv/versions/2.5.1/lib/ruby/gems/2.5.0/gems/coffee-rails-4.2.2/lib/assets/javascripts
  /Users/maddai/.rbenv/versions/2.5.1/lib/ruby/gems/2.5.0/gems/actioncable-5.2.6/lib/assets/compiled
  /Users/maddai/.rbenv/versions/2.5.1/lib/ruby/gems/2.5.0/gems/activestorage-5.2.6/app/assets/javascripts
  /Users/maddai/.rbenv/versions/2.5.1/lib/ruby/gems/2.5.0/gems/actionview-5.2.6/lib/assets/compiled
  /Users/maddai/Desktop/endurance/endurance_project/node_modules):
     5:     <%= csrf_meta_tags %>
     6:     <%= csp_meta_tag %>
     7: 
     8:     <%= stylesheet_link_tag    'application', media: 'all' %>
     9:     <%= javascript_include_tag 'application' %>
    10:   </head>
    11: 
  
app/assets/stylesheets/application.css:13
app/views/layouts/application.html.erb:8:in `_app_views_layouts_application_html_erb___2034698891592117163_70177982660180'
Started GET "/" for ::1 at 2021-10-31 17:35:19 -0400
Processing by StaticPagesController#root as HTML
  Rendering static_pages/root.html.erb within layouts/application
  Rendered static_pages/root.html.erb within layouts/application (1.4ms)
Completed 200 OK in 588ms (Views: 583.9ms | ActiveRecord: 0.0ms)


Started GET "/" for ::1 at 2021-10-31 17:36:06 -0400
Processing by StaticPagesController#root as HTML
  Rendering static_pages/root.html.erb within layouts/application
  Rendered static_pages/root.html.erb within layouts/application (0.9ms)
Completed 200 OK in 203ms (Views: 201.5ms | ActiveRecord: 0.0ms)


Started GET "/" for ::1 at 2021-10-31 17:37:10 -0400
Processing by StaticPagesController#root as HTML
  Rendering static_pages/root.html.erb within layouts/application
  Rendered static_pages/root.html.erb within layouts/application (1.0ms)
Completed 500 Internal Server Error in 113ms (ActiveRecord: 0.0ms)


  
ActionView::Template::Error (couldn't find file 'jquery' with type 'application/javascript'
Checked in these paths: 
  /Users/maddai/Desktop/endurance/endurance_project/app/assets/config
  /Users/maddai/Desktop/endurance/endurance_project/app/assets/images
  /Users/maddai/Desktop/endurance/endurance_project/app/assets/javascripts
  /Users/maddai/Desktop/endurance/endurance_project/app/assets/stylesheets
  /Users/maddai/.rbenv/versions/2.5.1/lib/ruby/gems/2.5.0/gems/coffee-rails-4.2.2/lib/assets/javascripts
  /Users/maddai/.rbenv/versions/2.5.1/lib/ruby/gems/2.5.0/gems/actioncable-5.2.6/lib/assets/compiled
  /Users/maddai/.rbenv/versions/2.5.1/lib/ruby/gems/2.5.0/gems/activestorage-5.2.6/app/assets/javascripts
  /Users/maddai/.rbenv/versions/2.5.1/lib/ruby/gems/2.5.0/gems/actionview-5.2.6/lib/assets/compiled
  /Users/maddai/Desktop/endurance/endurance_project/node_modules):
     5:     <%= csrf_meta_tags %>
     6:     <%= csp_meta_tag %>
     7: 
     8:     <%= stylesheet_link_tag    'application', media: 'all' %>
     9:     <%= javascript_include_tag 'application' %>
    10:   </head>
    11: 
  
app/assets/javascripts/application.js:13
app/views/layouts/application.html.erb:8:in `_app_views_layouts_application_html_erb___929611634691280798_70158243921740'
Started GET "/" for ::1 at 2021-10-31 17:37:28 -0400
Processing by StaticPagesController#root as HTML
  Rendering static_pages/root.html.erb within layouts/application
  Rendered static_pages/root.html.erb within layouts/application (0.3ms)
Completed 500 Internal Server Error in 13ms (ActiveRecord: 0.0ms)


  
ActionView::Template::Error (couldn't find file 'jquery' with type 'application/javascript'
Checked in these paths: 
  /Users/maddai/Desktop/endurance/endurance_project/app/assets/config
  /Users/maddai/Desktop/endurance/endurance_project/app/assets/images
  /Users/maddai/Desktop/endurance/endurance_project/app/assets/javascripts
  /Users/maddai/Desktop/endurance/endurance_project/app/assets/stylesheets
  /Users/maddai/.rbenv/versions/2.5.1/lib/ruby/gems/2.5.0/gems/coffee-rails-4.2.2/lib/assets/javascripts
  /Users/maddai/.rbenv/versions/2.5.1/lib/ruby/gems/2.5.0/gems/actioncable-5.2.6/lib/assets/compiled
  /Users/maddai/.rbenv/versions/2.5.1/lib/ruby/gems/2.5.0/gems/activestorage-5.2.6/app/assets/javascripts
  /Users/maddai/.rbenv/versions/2.5.1/lib/ruby/gems/2.5.0/gems/actionview-5.2.6/lib/assets/compiled
  /Users/maddai/Desktop/endurance/endurance_project/node_modules):
     5:     <%= csrf_meta_tags %>
     6:     <%= csp_meta_tag %>
     7: 
     8:     <%= stylesheet_link_tag    'application', media: 'all' %>
     9:     <%= javascript_include_tag 'application' %>
    10:   </head>
    11: 
  
app/assets/javascripts/application.js:16
app/views/layouts/application.html.erb:8:in `_app_views_layouts_application_html_erb___929611634691280798_70158262051300'
Started GET "/" for ::1 at 2021-10-31 17:37:29 -0400
Processing by StaticPagesController#root as HTML
  Rendering static_pages/root.html.erb within layouts/application
  Rendered static_pages/root.html.erb within layouts/application (0.6ms)
Completed 500 Internal Server Error in 24ms (ActiveRecord: 0.0ms)


  
ActionView::Template::Error (couldn't find file 'jquery' with type 'application/javascript'
Checked in these paths: 
  /Users/maddai/Desktop/endurance/endurance_project/app/assets/config
  /Users/maddai/Desktop/endurance/endurance_project/app/assets/images
  /Users/maddai/Desktop/endurance/endurance_project/app/assets/javascripts
  /Users/maddai/Desktop/endurance/endurance_project/app/assets/stylesheets
  /Users/maddai/.rbenv/versions/2.5.1/lib/ruby/gems/2.5.0/gems/coffee-rails-4.2.2/lib/assets/javascripts
  /Users/maddai/.rbenv/versions/2.5.1/lib/ruby/gems/2.5.0/gems/actioncable-5.2.6/lib/assets/compiled
  /Users/maddai/.rbenv/versions/2.5.1/lib/ruby/gems/2.5.0/gems/activestorage-5.2.6/app/assets/javascripts
  /Users/maddai/.rbenv/versions/2.5.1/lib/ruby/gems/2.5.0/gems/actionview-5.2.6/lib/assets/compiled
  /Users/maddai/Desktop/endurance/endurance_project/node_modules):
     5:     <%= csrf_meta_tags %>
     6:     <%= csp_meta_tag %>
     7: 
     8:     <%= stylesheet_link_tag    'application', media: 'all' %>
     9:     <%= javascript_include_tag 'application' %>
    10:   </head>
    11: 
  
app/assets/javascripts/application.js:16
app/views/layouts/application.html.erb:8:in `_app_views_layouts_application_html_erb___929611634691280798_70158264122760'
Started GET "/" for ::1 at 2021-10-31 17:37:36 -0400
Processing by StaticPagesController#root as HTML
  Rendering static_pages/root.html.erb within layouts/application
  Rendered static_pages/root.html.erb within layouts/application (0.6ms)
Completed 200 OK in 377ms (Views: 375.3ms | ActiveRecord: 0.0ms)


